<?xml version="1.0" encoding="UTF-8"?>
<testng-results ignored="1" total="4" passed="3" failed="0" skipped="0">
  <reporter-output>
  </reporter-output>
  <suite started-at="2023-05-06T12:13:40 IST" name="Suite" finished-at="2023-05-06T12:14:02 IST" duration-ms="22322">
    <groups>
    </groups>
    <test started-at="2023-05-06T12:13:40 IST" name="Test" finished-at="2023-05-06T12:14:02 IST" duration-ms="22322">
      <class name="com.test.StorePageTest">
        <test-method is-config="true" signature="preLaunch(java.lang.String)[pri:0, instance:com.test.StorePageTest@5ab956d7]" started-at="2023-05-06T12:13:40 IST" name="preLaunch" finished-at="2023-05-06T12:13:44 IST" duration-ms="4634" status="PASS">
          <params>
            <param index="0">
              <value>
                <![CDATA[chrome]]>
              </value>
            </param>
          </params>
          <reporter-output>
          </reporter-output>
        </test-method> <!-- preLaunch -->
        <test-method is-config="true" signature="preRun()[pri:0, instance:com.test.StorePageTest@5ab956d7]" started-at="2023-05-06T12:13:44 IST" name="preRun" finished-at="2023-05-06T12:13:50 IST" duration-ms="5093" status="PASS">
          <reporter-output>
          </reporter-output>
        </test-method> <!-- preRun -->
        <test-method signature="validateEnteredStoreValues()[pri:4, instance:com.test.StorePageTest@5ab956d7]" started-at="2023-05-06T12:13:50 IST" name="validateEnteredStoreValues" finished-at="2023-05-06T12:13:54 IST" duration-ms="4453" status="PASS">
          <reporter-output>
          </reporter-output>
        </test-method> <!-- validateEnteredStoreValues -->
        <test-method is-config="true" signature="preRun()[pri:0, instance:com.test.StorePageTest@5ab956d7]" started-at="2023-05-06T12:13:54 IST" name="preRun" finished-at="2023-05-06T12:13:55 IST" duration-ms="986" status="PASS">
          <reporter-output>
          </reporter-output>
        </test-method> <!-- preRun -->
        <test-method signature="validateTheEditedStoreValues()[pri:5, instance:com.test.StorePageTest@5ab956d7]" started-at="2023-05-06T12:13:55 IST" name="validateTheEditedStoreValues" finished-at="2023-05-06T12:13:58 IST" duration-ms="3264" status="PASS">
          <reporter-output>
          </reporter-output>
        </test-method> <!-- validateTheEditedStoreValues -->
        <test-method is-config="true" signature="preRun()[pri:0, instance:com.test.StorePageTest@5ab956d7]" started-at="2023-05-06T12:13:58 IST" name="preRun" finished-at="2023-05-06T12:13:59 IST" duration-ms="1020" status="PASS">
          <reporter-output>
          </reporter-output>
        </test-method> <!-- preRun -->
        <test-method signature="validateTheDeleteIcon()[pri:6, instance:com.test.StorePageTest@5ab956d7]" started-at="2023-05-06T12:13:59 IST" name="validateTheDeleteIcon" finished-at="2023-05-06T12:14:02 IST" duration-ms="2575" status="PASS">
          <reporter-output>
          </reporter-output>
        </test-method> <!-- validateTheDeleteIcon -->
      </class> <!-- com.test.StorePageTest -->
    </test> <!-- Test -->
  </suite> <!-- Suite -->
</testng-results>
