<?xml version="1.0" encoding="UTF-8"?>
<testng-results retried="2" ignored="0" total="45" passed="43" failed="0" skipped="0">
  <reporter-output>
  </reporter-output>
  <suite started-at="2023-05-25T19:40:48 IST" name="Suite" finished-at="2023-05-25T19:48:22 IST" duration-ms="454125">
    <groups>
      <group name="smoke">
        <method signature="CustomerPageTest.validateAddCustomersPageInPeopleLinkHasElementsDisplayed_WhenAddCustomerButtonIsClicked()[pri:15, instance:com.test.CustomerPageTest@25be7b63]" name="validateAddCustomersPageInPeopleLinkHasElementsDisplayed_WhenAddCustomerButtonIsClicked" class="com.test.CustomerPageTest"/>
        <method signature="CustomerPageTest.validateTheEnteredValues_AfterClickingAddCustomerButtonInCustomersPageInPeopleLink(java.lang.String,java.lang.String,java.lang.String,java.lang.String)[pri:16, instance:com.test.CustomerPageTest@25be7b63]" name="validateTheEnteredValues_AfterClickingAddCustomerButtonInCustomersPageInPeopleLink" class="com.test.CustomerPageTest"/>
      </group> <!-- smoke -->
    </groups>
    <test started-at="2023-05-25T19:40:48 IST" name="Test" finished-at="2023-05-25T19:48:22 IST" duration-ms="454125">
      <class name="com.test.HomePageTest">
        <test-method is-config="true" signature="preLaunch(java.lang.String)[pri:0, instance:com.test.HomePageTest@7fd50002]" started-at="2023-05-25T19:40:56 IST" name="preLaunch" finished-at="2023-05-25T19:40:58 IST" duration-ms="2070" status="PASS">
          <params>
            <param index="0">
              <value>
                <![CDATA[chrome]]>
              </value>
            </param>
          </params>
          <reporter-output>
          </reporter-output>
        </test-method> <!-- preLaunch -->
        <test-method signature="validateTheLinksDisplayedInHomePage_AfterLogin()[pri:2, instance:com.test.HomePageTest@7fd50002]" started-at="2023-05-25T19:40:58 IST" name="validateTheLinksDisplayedInHomePage_AfterLogin" finished-at="2023-05-25T19:41:00 IST" duration-ms="1637" status="PASS">
          <reporter-output>
          </reporter-output>
        </test-method> <!-- validateTheLinksDisplayedInHomePage_AfterLogin -->
      </class> <!-- com.test.HomePageTest -->
      <class name="com.test.SettingsTestPage">
        <test-method is-config="true" signature="preLaunch(java.lang.String)[pri:0, instance:com.test.SettingsTestPage@312aa7c]" started-at="2023-05-25T19:47:52 IST" name="preLaunch" finished-at="2023-05-25T19:47:55 IST" duration-ms="3413" status="PASS">
          <params>
            <param index="0">
              <value>
                <![CDATA[chrome]]>
              </value>
            </param>
          </params>
          <reporter-output>
          </reporter-output>
        </test-method> <!-- preLaunch -->
        <test-method signature="validateSettingsPageHasElementsDisplayed_WhileClickingOnSettingsLink()[pri:34, instance:com.test.SettingsTestPage@312aa7c]" started-at="2023-05-25T19:47:55 IST" name="validateSettingsPageHasElementsDisplayed_WhileClickingOnSettingsLink" finished-at="2023-05-25T19:47:59 IST" duration-ms="3850" status="PASS">
          <reporter-output>
          </reporter-output>
        </test-method> <!-- validateSettingsPageHasElementsDisplayed_WhileClickingOnSettingsLink -->
      </class> <!-- com.test.SettingsTestPage -->
      <class name="com.test.ExpenseInCategoriesTestPage">
        <test-method is-config="true" signature="preLaunch(java.lang.String)[pri:0, instance:com.test.ExpenseInCategoriesTestPage@c430e6c]" started-at="2023-05-25T19:47:16 IST" name="preLaunch" finished-at="2023-05-25T19:47:21 IST" duration-ms="4988" status="PASS">
          <params>
            <param index="0">
              <value>
                <![CDATA[chrome]]>
              </value>
            </param>
          </params>
          <reporter-output>
          </reporter-output>
        </test-method> <!-- preLaunch -->
        <test-method signature="validateAddExpensePageInCategoriesLinkHasElementsDisplayed_WhenAddCustomerButtonIsClicked()[pri:30, instance:com.test.ExpenseInCategoriesTestPage@c430e6c]" started-at="2023-05-25T19:47:21 IST" name="validateAddExpensePageInCategoriesLinkHasElementsDisplayed_WhenAddCustomerButtonIsClicked" finished-at="2023-05-25T19:47:24 IST" duration-ms="3865" status="PASS">
          <reporter-output>
          </reporter-output>
        </test-method> <!-- validateAddExpensePageInCategoriesLinkHasElementsDisplayed_WhenAddCustomerButtonIsClicked -->
        <test-method is-config="true" signature="preLaunch(java.lang.String)[pri:0, instance:com.test.ExpenseInCategoriesTestPage@c430e6c]" started-at="2023-05-25T19:47:24 IST" name="preLaunch" finished-at="2023-05-25T19:47:28 IST" duration-ms="3554" status="PASS">
          <params>
            <param index="0">
              <value>
                <![CDATA[chrome]]>
              </value>
            </param>
          </params>
          <reporter-output>
          </reporter-output>
        </test-method> <!-- preLaunch -->
        <test-method signature="validateTheEnteredCategoryValues_AfterClickingAddCustomerButtonInExpensePageInCategoryLink()[pri:31, instance:com.test.ExpenseInCategoriesTestPage@c430e6c]" started-at="2023-05-25T19:47:28 IST" name="validateTheEnteredCategoryValues_AfterClickingAddCustomerButtonInExpensePageInCategoryLink" finished-at="2023-05-25T19:47:34 IST" duration-ms="5820" status="PASS">
          <reporter-output>
          </reporter-output>
        </test-method> <!-- validateTheEnteredCategoryValues_AfterClickingAddCustomerButtonInExpensePageInCategoryLink -->
        <test-method is-config="true" signature="preLaunch(java.lang.String)[pri:0, instance:com.test.ExpenseInCategoriesTestPage@c430e6c]" started-at="2023-05-25T19:47:34 IST" name="preLaunch" finished-at="2023-05-25T19:47:37 IST" duration-ms="3059" status="PASS">
          <params>
            <param index="0">
              <value>
                <![CDATA[chrome]]>
              </value>
            </param>
          </params>
          <reporter-output>
          </reporter-output>
        </test-method> <!-- preLaunch -->
        <test-method signature="validateTheEditedCategoryValues_AfterClickingEditButtonInExpensePageInCategoryLink()[pri:32, instance:com.test.ExpenseInCategoriesTestPage@c430e6c]" started-at="2023-05-25T19:47:37 IST" name="validateTheEditedCategoryValues_AfterClickingEditButtonInExpensePageInCategoryLink" finished-at="2023-05-25T19:47:43 IST" duration-ms="6226" status="PASS">
          <reporter-output>
          </reporter-output>
        </test-method> <!-- validateTheEditedCategoryValues_AfterClickingEditButtonInExpensePageInCategoryLink -->
        <test-method is-config="true" signature="preLaunch(java.lang.String)[pri:0, instance:com.test.ExpenseInCategoriesTestPage@c430e6c]" started-at="2023-05-25T19:47:43 IST" name="preLaunch" finished-at="2023-05-25T19:47:47 IST" duration-ms="3561" status="PASS">
          <params>
            <param index="0">
              <value>
                <![CDATA[chrome]]>
              </value>
            </param>
          </params>
          <reporter-output>
          </reporter-output>
        </test-method> <!-- preLaunch -->
        <test-method signature="validateTheDeleteIcon_AfterClickingDeleteButtonInExpensePageInCategoryLink()[pri:33, instance:com.test.ExpenseInCategoriesTestPage@c430e6c]" started-at="2023-05-25T19:47:47 IST" name="validateTheDeleteIcon_AfterClickingDeleteButtonInExpensePageInCategoryLink" finished-at="2023-05-25T19:47:52 IST" duration-ms="4891" status="PASS">
          <reporter-output>
          </reporter-output>
        </test-method> <!-- validateTheDeleteIcon_AfterClickingDeleteButtonInExpensePageInCategoryLink -->
      </class> <!-- com.test.ExpenseInCategoriesTestPage -->
      <class name="com.test.LogoutTestPage">
        <test-method is-config="true" signature="preLaunch(java.lang.String)[pri:0, instance:com.test.LogoutTestPage@72bc6553]" started-at="2023-05-25T19:48:17 IST" name="preLaunch" finished-at="2023-05-25T19:48:19 IST" duration-ms="2071" status="PASS">
          <params>
            <param index="0">
              <value>
                <![CDATA[chrome]]>
              </value>
            </param>
          </params>
          <reporter-output>
          </reporter-output>
        </test-method> <!-- preLaunch -->
        <test-method signature="validateLogoutPage_ByClickingLogoutLink()[pri:37, instance:com.test.LogoutTestPage@72bc6553]" started-at="2023-05-25T19:48:19 IST" name="validateLogoutPage_ByClickingLogoutLink" finished-at="2023-05-25T19:48:22 IST" duration-ms="3016" status="PASS">
          <reporter-output>
          </reporter-output>
        </test-method> <!-- validateLogoutPage_ByClickingLogoutLink -->
      </class> <!-- com.test.LogoutTestPage -->
      <class name="com.test.ExpensePageTest">
        <test-method is-config="true" signature="preLaunch(java.lang.String)[pri:0, instance:com.test.ExpensePageTest@45d84a20]" started-at="2023-05-25T19:46:07 IST" name="preLaunch" finished-at="2023-05-25T19:46:09 IST" duration-ms="2464" status="PASS">
          <params>
            <param index="0">
              <value>
                <![CDATA[chrome]]>
              </value>
            </param>
          </params>
          <reporter-output>
          </reporter-output>
        </test-method> <!-- preLaunch -->
        <test-method signature="validateAddExpensePageHasElementsDisplayed_WhenAddExpenseButtonIsClicked()[pri:23, instance:com.test.ExpensePageTest@45d84a20]" started-at="2023-05-25T19:46:09 IST" name="validateAddExpensePageHasElementsDisplayed_WhenAddExpenseButtonIsClicked" finished-at="2023-05-25T19:46:14 IST" duration-ms="4375" status="PASS">
          <reporter-output>
          </reporter-output>
        </test-method> <!-- validateAddExpensePageHasElementsDisplayed_WhenAddExpenseButtonIsClicked -->
        <test-method is-config="true" signature="preLaunch(java.lang.String)[pri:0, instance:com.test.ExpensePageTest@45d84a20]" started-at="2023-05-25T19:46:14 IST" name="preLaunch" finished-at="2023-05-25T19:46:16 IST" duration-ms="2259" status="PASS">
          <params>
            <param index="0">
              <value>
                <![CDATA[chrome]]>
              </value>
            </param>
          </params>
          <reporter-output>
          </reporter-output>
        </test-method> <!-- preLaunch -->
        <test-method signature="validateTheEnteredExpenseValues_AfterClickingAddExpenseButtonInExpensePage()[pri:24, instance:com.test.ExpensePageTest@45d84a20]" started-at="2023-05-25T19:46:16 IST" name="validateTheEnteredExpenseValues_AfterClickingAddExpenseButtonInExpensePage" finished-at="2023-05-25T19:46:22 IST" duration-ms="6153" status="PASS">
          <reporter-output>
          </reporter-output>
        </test-method> <!-- validateTheEnteredExpenseValues_AfterClickingAddExpenseButtonInExpensePage -->
        <test-method is-config="true" signature="preLaunch(java.lang.String)[pri:0, instance:com.test.ExpensePageTest@45d84a20]" started-at="2023-05-25T19:46:22 IST" name="preLaunch" finished-at="2023-05-25T19:46:25 IST" duration-ms="3230" status="PASS">
          <params>
            <param index="0">
              <value>
                <![CDATA[chrome]]>
              </value>
            </param>
          </params>
          <reporter-output>
          </reporter-output>
        </test-method> <!-- preLaunch -->
        <test-method retried="true" signature="validateTheEditedExpenseValues_AfterClickingEditButtonInExpensePage()[pri:25, instance:com.test.ExpensePageTest@45d84a20]" started-at="2023-05-25T19:46:25 IST" name="validateTheEditedExpenseValues_AfterClickingEditButtonInExpensePage" finished-at="2023-05-25T19:46:31 IST" duration-ms="5983" status="SKIP">
          <exception class="java.lang.AssertionError">
            <message>
              <![CDATA[The following asserts failed:
No matching records found expected [referenceB] but found [null]]]>
            </message>
            <full-stacktrace>
              <![CDATA[java.lang.AssertionError: The following asserts failed:
No matching records found expected [referenceB] but found [null]
at org.testng.asserts.SoftAssert.assertAll(SoftAssert.java:46)
at org.testng.asserts.SoftAssert.assertAll(SoftAssert.java:30)
at com.test.ExpensePageTest.validateTheEditedExpenseValues_AfterClickingEditButtonInExpensePage(ExpensePageTest.java:90)
at java.base/jdk.internal.reflect.NativeMethodAccessorImpl.invoke0(Native Method)
at java.base/jdk.internal.reflect.NativeMethodAccessorImpl.invoke(NativeMethodAccessorImpl.java:62)
at java.base/jdk.internal.reflect.DelegatingMethodAccessorImpl.invoke(DelegatingMethodAccessorImpl.java:43)
at java.base/java.lang.reflect.Method.invoke(Method.java:566)
at org.testng.internal.invokers.MethodInvocationHelper.invokeMethod(MethodInvocationHelper.java:139)
at org.testng.internal.invokers.TestInvoker.invokeMethod(TestInvoker.java:677)
at org.testng.internal.invokers.TestInvoker.invokeTestMethod(TestInvoker.java:221)
at org.testng.internal.invokers.MethodRunner.runInSequence(MethodRunner.java:50)
at org.testng.internal.invokers.TestInvoker$MethodInvocationAgent.invoke(TestInvoker.java:969)
at org.testng.internal.invokers.TestInvoker.invokeTestMethods(TestInvoker.java:194)
at org.testng.internal.invokers.TestMethodWorker.invokeTestMethods(TestMethodWorker.java:148)
at org.testng.internal.invokers.TestMethodWorker.run(TestMethodWorker.java:128)
at java.base/java.util.ArrayList.forEach(ArrayList.java:1541)
at org.testng.TestRunner.privateRun(TestRunner.java:829)
at org.testng.TestRunner.run(TestRunner.java:602)
at org.testng.SuiteRunner.runTest(SuiteRunner.java:437)
at org.testng.SuiteRunner.runSequentially(SuiteRunner.java:431)
at org.testng.SuiteRunner.privateRun(SuiteRunner.java:391)
at org.testng.SuiteRunner.run(SuiteRunner.java:330)
at org.testng.SuiteRunnerWorker.runSuite(SuiteRunnerWorker.java:52)
at org.testng.SuiteRunnerWorker.run(SuiteRunnerWorker.java:95)
at org.testng.TestNG.runSuitesSequentially(TestNG.java:1256)
at org.testng.TestNG.runSuitesLocally(TestNG.java:1176)
at org.testng.TestNG.runSuites(TestNG.java:1099)
at org.testng.TestNG.run(TestNG.java:1067)
at org.testng.remote.AbstractRemoteTestNG.run(AbstractRemoteTestNG.java:115)
at org.testng.remote.RemoteTestNG.initAndRun(RemoteTestNG.java:251)
at org.testng.remote.RemoteTestNG.main(RemoteTestNG.java:77)
]]>
            </full-stacktrace>
          </exception> <!-- java.lang.AssertionError -->
          <reporter-output>
          </reporter-output>
        </test-method> <!-- validateTheEditedExpenseValues_AfterClickingEditButtonInExpensePage -->
        <test-method is-config="true" signature="preLaunch(java.lang.String)[pri:0, instance:com.test.ExpensePageTest@45d84a20]" started-at="2023-05-25T19:46:31 IST" name="preLaunch" finished-at="2023-05-25T19:46:34 IST" duration-ms="2750" status="PASS">
          <params>
            <param index="0">
              <value>
                <![CDATA[chrome]]>
              </value>
            </param>
          </params>
          <reporter-output>
          </reporter-output>
        </test-method> <!-- preLaunch -->
        <test-method signature="validateTheEditedExpenseValues_AfterClickingEditButtonInExpensePage()[pri:25, instance:com.test.ExpensePageTest@45d84a20]" started-at="2023-05-25T19:46:34 IST" name="validateTheEditedExpenseValues_AfterClickingEditButtonInExpensePage" finished-at="2023-05-25T19:46:41 IST" duration-ms="7116" status="PASS">
          <reporter-output>
          </reporter-output>
        </test-method> <!-- validateTheEditedExpenseValues_AfterClickingEditButtonInExpensePage -->
      </class> <!-- com.test.ExpensePageTest -->
      <class name="com.test.UsersPageTest">
        <test-method is-config="true" signature="preLaunch(java.lang.String)[pri:0, instance:com.test.UsersPageTest@536f2a7e]" started-at="2023-05-25T19:47:59 IST" name="preLaunch" finished-at="2023-05-25T19:48:02 IST" duration-ms="2969" status="PASS">
          <params>
            <param index="0">
              <value>
                <![CDATA[chrome]]>
              </value>
            </param>
          </params>
          <reporter-output>
          </reporter-output>
        </test-method> <!-- preLaunch -->
        <test-method signature="validateAddUsersPageInSettingsPageHasElementsDisplayed()[pri:35, instance:com.test.UsersPageTest@536f2a7e]" started-at="2023-05-25T19:48:02 IST" name="validateAddUsersPageInSettingsPageHasElementsDisplayed" finished-at="2023-05-25T19:48:06 IST" duration-ms="4479" status="PASS">
          <reporter-output>
          </reporter-output>
        </test-method> <!-- validateAddUsersPageInSettingsPageHasElementsDisplayed -->
        <test-method is-config="true" signature="preLaunch(java.lang.String)[pri:0, instance:com.test.UsersPageTest@536f2a7e]" started-at="2023-05-25T19:48:06 IST" name="preLaunch" finished-at="2023-05-25T19:48:11 IST" duration-ms="4593" status="PASS">
          <params>
            <param index="0">
              <value>
                <![CDATA[chrome]]>
              </value>
            </param>
          </params>
          <reporter-output>
          </reporter-output>
        </test-method> <!-- preLaunch -->
        <test-method signature="validateTheEnteredUserValuesInUsersPage_InTheCorrespondingFields()[pri:36, instance:com.test.UsersPageTest@536f2a7e]" started-at="2023-05-25T19:48:11 IST" name="validateTheEnteredUserValuesInUsersPage_InTheCorrespondingFields" finished-at="2023-05-25T19:48:17 IST" duration-ms="6481" status="PASS">
          <reporter-output>
          </reporter-output>
        </test-method> <!-- validateTheEnteredUserValuesInUsersPage_InTheCorrespondingFields -->
      </class> <!-- com.test.UsersPageTest -->
      <class name="com.test.WaiterPageTest">
        <test-method is-config="true" signature="preLaunch(java.lang.String)[pri:0, instance:com.test.WaiterPageTest@723ca036]" started-at="2023-05-25T19:42:37 IST" name="preLaunch" finished-at="2023-05-25T19:42:40 IST" duration-ms="3459" status="PASS">
          <params>
            <param index="0">
              <value>
                <![CDATA[chrome]]>
              </value>
            </param>
          </params>
          <reporter-output>
          </reporter-output>
        </test-method> <!-- preLaunch -->
        <test-method signature="validateAddWaiterPageHasElementsDisplayed_WhenAddWaitererButtonIsClicked()[pri:11, instance:com.test.WaiterPageTest@723ca036]" started-at="2023-05-25T19:42:40 IST" name="validateAddWaiterPageHasElementsDisplayed_WhenAddWaitererButtonIsClicked" finished-at="2023-05-25T19:42:44 IST" duration-ms="4310" status="PASS">
          <reporter-output>
          </reporter-output>
        </test-method> <!-- validateAddWaiterPageHasElementsDisplayed_WhenAddWaitererButtonIsClicked -->
        <test-method is-config="true" signature="preLaunch(java.lang.String)[pri:0, instance:com.test.WaiterPageTest@723ca036]" started-at="2023-05-25T19:42:45 IST" name="preLaunch" finished-at="2023-05-25T19:42:49 IST" duration-ms="4195" status="PASS">
          <params>
            <param index="0">
              <value>
                <![CDATA[chrome]]>
              </value>
            </param>
          </params>
          <reporter-output>
          </reporter-output>
        </test-method> <!-- preLaunch -->
        <test-method signature="validateTheEnteredValuesInWaiterPage_AfterClickingAddWaitererButtonInWaiterPage(java.lang.String,java.lang.String,java.lang.String,java.lang.String)[pri:12, instance:com.test.WaiterPageTest@723ca036]" started-at="2023-05-25T19:42:49 IST" name="validateTheEnteredValuesInWaiterPage_AfterClickingAddWaitererButtonInWaiterPage" data-provider="waiter" finished-at="2023-05-25T19:42:56 IST" duration-ms="6695" status="PASS">
          <params>
            <param index="0">
              <value>
                <![CDATA[AAN]]>
              </value>
            </param>
            <param index="1">
              <value>
                <![CDATA[1234567890]]>
              </value>
            </param>
            <param index="2">
              <value>
                <![CDATA[aan@gmail.com]]>
              </value>
            </param>
            <param index="3">
              <value>
                <![CDATA[MNC]]>
              </value>
            </param>
          </params>
          <reporter-output>
          </reporter-output>
        </test-method> <!-- validateTheEnteredValuesInWaiterPage_AfterClickingAddWaitererButtonInWaiterPage -->
        <test-method is-config="true" signature="preLaunch(java.lang.String)[pri:0, instance:com.test.WaiterPageTest@723ca036]" started-at="2023-05-25T19:42:56 IST" name="preLaunch" finished-at="2023-05-25T19:42:59 IST" duration-ms="3108" status="PASS">
          <params>
            <param index="0">
              <value>
                <![CDATA[chrome]]>
              </value>
            </param>
          </params>
          <reporter-output>
          </reporter-output>
        </test-method> <!-- preLaunch -->
        <test-method signature="validateTheEnteredValuesInWaiterPage_AfterClickingAddWaitererButtonInWaiterPage(java.lang.String,java.lang.String,java.lang.String,java.lang.String)[pri:12, instance:com.test.WaiterPageTest@723ca036]" started-at="2023-05-25T19:42:59 IST" name="validateTheEnteredValuesInWaiterPage_AfterClickingAddWaitererButtonInWaiterPage" data-provider="waiter" finished-at="2023-05-25T19:43:06 IST" duration-ms="7419" status="PASS">
          <params>
            <param index="0">
              <value>
                <![CDATA[AAN]]>
              </value>
            </param>
            <param index="1">
              <value>
                <![CDATA[1234567890]]>
              </value>
            </param>
            <param index="2">
              <value>
                <![CDATA[aan@gmail.com]]>
              </value>
            </param>
            <param index="3">
              <value>
                <![CDATA[MNC]]>
              </value>
            </param>
          </params>
          <reporter-output>
          </reporter-output>
        </test-method> <!-- validateTheEnteredValuesInWaiterPage_AfterClickingAddWaitererButtonInWaiterPage -->
        <test-method is-config="true" signature="preLaunch(java.lang.String)[pri:0, instance:com.test.WaiterPageTest@723ca036]" started-at="2023-05-25T19:43:07 IST" name="preLaunch" finished-at="2023-05-25T19:43:14 IST" duration-ms="7781" status="PASS">
          <params>
            <param index="0">
              <value>
                <![CDATA[chrome]]>
              </value>
            </param>
          </params>
          <reporter-output>
          </reporter-output>
        </test-method> <!-- preLaunch -->
        <test-method signature="validateTheEditedWaiterValues_AfterClickingEditButtonInWaiterPage(java.lang.String,java.lang.String,java.lang.String,java.lang.String)[pri:13, instance:com.test.WaiterPageTest@723ca036]" started-at="2023-05-25T19:43:14 IST" name="validateTheEditedWaiterValues_AfterClickingEditButtonInWaiterPage" data-provider="waiteredit" finished-at="2023-05-25T19:43:22 IST" duration-ms="7480" status="PASS">
          <params>
            <param index="0">
              <value>
                <![CDATA[AAN]]>
              </value>
            </param>
            <param index="1">
              <value>
                <![CDATA[1452367895]]>
              </value>
            </param>
            <param index="2">
              <value>
                <![CDATA[aan@gmail.com]]>
              </value>
            </param>
            <param index="3">
              <value>
                <![CDATA[MNC]]>
              </value>
            </param>
          </params>
          <reporter-output>
          </reporter-output>
        </test-method> <!-- validateTheEditedWaiterValues_AfterClickingEditButtonInWaiterPage -->
        <test-method is-config="true" signature="preLaunch(java.lang.String)[pri:0, instance:com.test.WaiterPageTest@723ca036]" started-at="2023-05-25T19:43:22 IST" name="preLaunch" finished-at="2023-05-25T19:43:27 IST" duration-ms="4739" status="PASS">
          <params>
            <param index="0">
              <value>
                <![CDATA[chrome]]>
              </value>
            </param>
          </params>
          <reporter-output>
          </reporter-output>
        </test-method> <!-- preLaunch -->
        <test-method signature="validateTheEditedWaiterValues_AfterClickingEditButtonInWaiterPage(java.lang.String,java.lang.String,java.lang.String,java.lang.String)[pri:13, instance:com.test.WaiterPageTest@723ca036]" started-at="2023-05-25T19:43:27 IST" name="validateTheEditedWaiterValues_AfterClickingEditButtonInWaiterPage" data-provider="waiteredit" finished-at="2023-05-25T19:43:33 IST" duration-ms="6849" status="PASS">
          <params>
            <param index="0">
              <value>
                <![CDATA[AAN]]>
              </value>
            </param>
            <param index="1">
              <value>
                <![CDATA[1452367895]]>
              </value>
            </param>
            <param index="2">
              <value>
                <![CDATA[aan@gmail.com]]>
              </value>
            </param>
            <param index="3">
              <value>
                <![CDATA[MNC]]>
              </value>
            </param>
          </params>
          <reporter-output>
          </reporter-output>
        </test-method> <!-- validateTheEditedWaiterValues_AfterClickingEditButtonInWaiterPage -->
        <test-method is-config="true" signature="preLaunch(java.lang.String)[pri:0, instance:com.test.WaiterPageTest@723ca036]" started-at="2023-05-25T19:43:33 IST" name="preLaunch" finished-at="2023-05-25T19:43:37 IST" duration-ms="3334" status="PASS">
          <params>
            <param index="0">
              <value>
                <![CDATA[chrome]]>
              </value>
            </param>
          </params>
          <reporter-output>
          </reporter-output>
        </test-method> <!-- preLaunch -->
        <test-method signature="validateTheDeleteIcon_AfterClickingDeleteButtonInWaiterPage(java.lang.String)[pri:14, instance:com.test.WaiterPageTest@723ca036]" started-at="2023-05-25T19:43:37 IST" name="validateTheDeleteIcon_AfterClickingDeleteButtonInWaiterPage" data-provider="waiterdelete" finished-at="2023-05-25T19:43:42 IST" duration-ms="5663" status="PASS">
          <params>
            <param index="0">
              <value>
                <![CDATA[1452367895]]>
              </value>
            </param>
          </params>
          <reporter-output>
          </reporter-output>
        </test-method> <!-- validateTheDeleteIcon_AfterClickingDeleteButtonInWaiterPage -->
      </class> <!-- com.test.WaiterPageTest -->
      <class name="com.test.ProductInCategoriesTestPage">
        <test-method is-config="true" signature="preLaunch(java.lang.String)[pri:0, instance:com.test.ProductInCategoriesTestPage@52f27fbd]" started-at="2023-05-25T19:46:41 IST" name="preLaunch" finished-at="2023-05-25T19:46:45 IST" duration-ms="4225" status="PASS">
          <params>
            <param index="0">
              <value>
                <![CDATA[chrome]]>
              </value>
            </param>
          </params>
          <reporter-output>
          </reporter-output>
        </test-method> <!-- preLaunch -->
        <test-method signature="validateAddCategoryPageInProductPageInCategoriesLinkHasElementsDisplayed_WhenAddCategoryButtonIsClicked()[pri:26, instance:com.test.ProductInCategoriesTestPage@52f27fbd]" started-at="2023-05-25T19:46:45 IST" name="validateAddCategoryPageInProductPageInCategoriesLinkHasElementsDisplayed_WhenAddCategoryButtonIsClicked" finished-at="2023-05-25T19:46:50 IST" duration-ms="4942" status="PASS">
          <reporter-output>
          </reporter-output>
        </test-method> <!-- validateAddCategoryPageInProductPageInCategoriesLinkHasElementsDisplayed_WhenAddCategoryButtonIsClicked -->
        <test-method is-config="true" signature="preLaunch(java.lang.String)[pri:0, instance:com.test.ProductInCategoriesTestPage@52f27fbd]" started-at="2023-05-25T19:46:50 IST" name="preLaunch" finished-at="2023-05-25T19:46:53 IST" duration-ms="2551" status="PASS">
          <params>
            <param index="0">
              <value>
                <![CDATA[chrome]]>
              </value>
            </param>
          </params>
          <reporter-output>
          </reporter-output>
        </test-method> <!-- preLaunch -->
        <test-method signature="validateTheEnteredCategoryValues_AfterClickingAddCategoryButtonInProductPageInCategoryLink()[pri:27, instance:com.test.ProductInCategoriesTestPage@52f27fbd]" started-at="2023-05-25T19:46:53 IST" name="validateTheEnteredCategoryValues_AfterClickingAddCategoryButtonInProductPageInCategoryLink" finished-at="2023-05-25T19:46:59 IST" duration-ms="6077" status="PASS">
          <reporter-output>
          </reporter-output>
        </test-method> <!-- validateTheEnteredCategoryValues_AfterClickingAddCategoryButtonInProductPageInCategoryLink -->
        <test-method is-config="true" signature="preLaunch(java.lang.String)[pri:0, instance:com.test.ProductInCategoriesTestPage@52f27fbd]" started-at="2023-05-25T19:46:59 IST" name="preLaunch" finished-at="2023-05-25T19:47:02 IST" duration-ms="3094" status="PASS">
          <params>
            <param index="0">
              <value>
                <![CDATA[chrome]]>
              </value>
            </param>
          </params>
          <reporter-output>
          </reporter-output>
        </test-method> <!-- preLaunch -->
        <test-method signature="validateTheEditedCategoryValues_AfterClickingEditButtonInProductPageInCategoryLink()[pri:28, instance:com.test.ProductInCategoriesTestPage@52f27fbd]" started-at="2023-05-25T19:47:02 IST" name="validateTheEditedCategoryValues_AfterClickingEditButtonInProductPageInCategoryLink" finished-at="2023-05-25T19:47:08 IST" duration-ms="5944" status="PASS">
          <reporter-output>
          </reporter-output>
        </test-method> <!-- validateTheEditedCategoryValues_AfterClickingEditButtonInProductPageInCategoryLink -->
        <test-method is-config="true" signature="preLaunch(java.lang.String)[pri:0, instance:com.test.ProductInCategoriesTestPage@52f27fbd]" started-at="2023-05-25T19:47:08 IST" name="preLaunch" finished-at="2023-05-25T19:47:11 IST" duration-ms="2510" status="PASS">
          <params>
            <param index="0">
              <value>
                <![CDATA[chrome]]>
              </value>
            </param>
          </params>
          <reporter-output>
          </reporter-output>
        </test-method> <!-- preLaunch -->
        <test-method signature="validateTheDeleteCategoryValues_AfterClickingDeleteButtonInProductPageInCategoryLink()[pri:29, instance:com.test.ProductInCategoriesTestPage@52f27fbd]" started-at="2023-05-25T19:47:11 IST" name="validateTheDeleteCategoryValues_AfterClickingDeleteButtonInProductPageInCategoryLink" finished-at="2023-05-25T19:47:16 IST" duration-ms="4954" status="PASS">
          <reporter-output>
          </reporter-output>
        </test-method> <!-- validateTheDeleteCategoryValues_AfterClickingDeleteButtonInProductPageInCategoryLink -->
      </class> <!-- com.test.ProductInCategoriesTestPage -->
      <class name="com.test.StorePageTest">
        <test-method is-config="true" signature="preLaunch(java.lang.String)[pri:0, instance:com.test.StorePageTest@304bb45b]" started-at="2023-05-25T19:42:02 IST" name="preLaunch" finished-at="2023-05-25T19:42:05 IST" duration-ms="2512" status="PASS">
          <params>
            <param index="0">
              <value>
                <![CDATA[chrome]]>
              </value>
            </param>
          </params>
          <reporter-output>
          </reporter-output>
        </test-method> <!-- preLaunch -->
        <test-method signature="validateAddStorePageHasElementsDisplayed_WhenAddStoreButtonIsClicked()[pri:7, instance:com.test.StorePageTest@304bb45b]" started-at="2023-05-25T19:42:05 IST" name="validateAddStorePageHasElementsDisplayed_WhenAddStoreButtonIsClicked" finished-at="2023-05-25T19:42:09 IST" duration-ms="4387" status="PASS">
          <reporter-output>
          </reporter-output>
        </test-method> <!-- validateAddStorePageHasElementsDisplayed_WhenAddStoreButtonIsClicked -->
        <test-method is-config="true" signature="preLaunch(java.lang.String)[pri:0, instance:com.test.StorePageTest@304bb45b]" started-at="2023-05-25T19:42:09 IST" name="preLaunch" finished-at="2023-05-25T19:42:12 IST" duration-ms="2319" status="PASS">
          <params>
            <param index="0">
              <value>
                <![CDATA[chrome]]>
              </value>
            </param>
          </params>
          <reporter-output>
          </reporter-output>
        </test-method> <!-- preLaunch -->
        <test-method signature="validateTheEnteredStoreValues_AfterClickingAddStoreButtonInStorePage()[pri:8, instance:com.test.StorePageTest@304bb45b]" started-at="2023-05-25T19:42:12 IST" name="validateTheEnteredStoreValues_AfterClickingAddStoreButtonInStorePage" finished-at="2023-05-25T19:42:19 IST" duration-ms="7259" status="PASS">
          <reporter-output>
          </reporter-output>
        </test-method> <!-- validateTheEnteredStoreValues_AfterClickingAddStoreButtonInStorePage -->
        <test-method is-config="true" signature="preLaunch(java.lang.String)[pri:0, instance:com.test.StorePageTest@304bb45b]" started-at="2023-05-25T19:42:19 IST" name="preLaunch" finished-at="2023-05-25T19:42:21 IST" duration-ms="2334" status="PASS">
          <params>
            <param index="0">
              <value>
                <![CDATA[chrome]]>
              </value>
            </param>
          </params>
          <reporter-output>
          </reporter-output>
        </test-method> <!-- preLaunch -->
        <test-method signature="validateTheEditedStoreValues_AfterClickingEditButtonInStorePage()[pri:9, instance:com.test.StorePageTest@304bb45b]" started-at="2023-05-25T19:42:21 IST" name="validateTheEditedStoreValues_AfterClickingEditButtonInStorePage" finished-at="2023-05-25T19:42:27 IST" duration-ms="6167" status="PASS">
          <reporter-output>
          </reporter-output>
        </test-method> <!-- validateTheEditedStoreValues_AfterClickingEditButtonInStorePage -->
        <test-method is-config="true" signature="preLaunch(java.lang.String)[pri:0, instance:com.test.StorePageTest@304bb45b]" started-at="2023-05-25T19:42:27 IST" name="preLaunch" finished-at="2023-05-25T19:42:31 IST" duration-ms="3998" status="PASS">
          <params>
            <param index="0">
              <value>
                <![CDATA[chrome]]>
              </value>
            </param>
          </params>
          <reporter-output>
          </reporter-output>
        </test-method> <!-- preLaunch -->
        <test-method signature="validateTheDeleteIcon_AfterClickingDeleteButtonInStorePage()[pri:10, instance:com.test.StorePageTest@304bb45b]" started-at="2023-05-25T19:42:31 IST" name="validateTheDeleteIcon_AfterClickingDeleteButtonInStorePage" finished-at="2023-05-25T19:42:37 IST" duration-ms="5233" status="PASS">
          <reporter-output>
          </reporter-output>
        </test-method> <!-- validateTheDeleteIcon_AfterClickingDeleteButtonInStorePage -->
      </class> <!-- com.test.StorePageTest -->
      <class name="com.test.ProductPageTest">
        <test-method is-config="true" signature="preLaunch(java.lang.String)[pri:0, instance:com.test.ProductPageTest@533bda92]" started-at="2023-05-25T19:41:00 IST" name="preLaunch" finished-at="2023-05-25T19:41:03 IST" duration-ms="3364" status="PASS">
          <params>
            <param index="0">
              <value>
                <![CDATA[chrome]]>
              </value>
            </param>
          </params>
          <reporter-output>
          </reporter-output>
        </test-method> <!-- preLaunch -->
        <test-method signature="validateAddProductPageHasElementsDisplayed_WhenAddProductButtonIsClicked()[pri:3, instance:com.test.ProductPageTest@533bda92]" started-at="2023-05-25T19:41:03 IST" name="validateAddProductPageHasElementsDisplayed_WhenAddProductButtonIsClicked" finished-at="2023-05-25T19:41:10 IST" duration-ms="6903" status="PASS">
          <reporter-output>
          </reporter-output>
        </test-method> <!-- validateAddProductPageHasElementsDisplayed_WhenAddProductButtonIsClicked -->
        <test-method is-config="true" signature="preLaunch(java.lang.String)[pri:0, instance:com.test.ProductPageTest@533bda92]" started-at="2023-05-25T19:41:10 IST" name="preLaunch" finished-at="2023-05-25T19:41:13 IST" duration-ms="2526" status="PASS">
          <params>
            <param index="0">
              <value>
                <![CDATA[chrome]]>
              </value>
            </param>
          </params>
          <reporter-output>
          </reporter-output>
        </test-method> <!-- preLaunch -->
        <test-method signature="validateTheEnteredProductValues_AfterClickingAddProductButtonInProductPage()[pri:4, instance:com.test.ProductPageTest@533bda92]" started-at="2023-05-25T19:41:13 IST" name="validateTheEnteredProductValues_AfterClickingAddProductButtonInProductPage" finished-at="2023-05-25T19:41:39 IST" duration-ms="26887" status="PASS">
          <reporter-output>
          </reporter-output>
        </test-method> <!-- validateTheEnteredProductValues_AfterClickingAddProductButtonInProductPage -->
        <test-method is-config="true" signature="preLaunch(java.lang.String)[pri:0, instance:com.test.ProductPageTest@533bda92]" started-at="2023-05-25T19:41:39 IST" name="preLaunch" finished-at="2023-05-25T19:41:42 IST" duration-ms="2362" status="PASS">
          <params>
            <param index="0">
              <value>
                <![CDATA[chrome]]>
              </value>
            </param>
          </params>
          <reporter-output>
          </reporter-output>
        </test-method> <!-- preLaunch -->
        <test-method signature="validateTheEditedProducteValues_AfterClickingEdittButtonInProductPage()[pri:5, instance:com.test.ProductPageTest@533bda92]" started-at="2023-05-25T19:41:42 IST" name="validateTheEditedProducteValues_AfterClickingEdittButtonInProductPage" finished-at="2023-05-25T19:41:51 IST" duration-ms="8666" status="PASS">
          <reporter-output>
          </reporter-output>
        </test-method> <!-- validateTheEditedProducteValues_AfterClickingEdittButtonInProductPage -->
        <test-method is-config="true" signature="preLaunch(java.lang.String)[pri:0, instance:com.test.ProductPageTest@533bda92]" started-at="2023-05-25T19:41:51 IST" name="preLaunch" finished-at="2023-05-25T19:41:55 IST" duration-ms="4246" status="PASS">
          <params>
            <param index="0">
              <value>
                <![CDATA[chrome]]>
              </value>
            </param>
          </params>
          <reporter-output>
          </reporter-output>
        </test-method> <!-- preLaunch -->
        <test-method signature="validateTheDeleteIcon_AfterClickingDeleteButtonInProductPage()[pri:6, instance:com.test.ProductPageTest@533bda92]" started-at="2023-05-25T19:41:55 IST" name="validateTheDeleteIcon_AfterClickingDeleteButtonInProductPage" finished-at="2023-05-25T19:42:02 IST" duration-ms="7635" status="PASS">
          <reporter-output>
          </reporter-output>
        </test-method> <!-- validateTheDeleteIcon_AfterClickingDeleteButtonInProductPage -->
      </class> <!-- com.test.ProductPageTest -->
      <class name="com.test.CustomerPageTest">
        <test-method is-config="true" signature="preLaunch(java.lang.String)[pri:0, instance:com.test.CustomerPageTest@25be7b63]" started-at="2023-05-25T19:43:46 IST" name="preLaunch" finished-at="2023-05-25T19:43:48 IST" duration-ms="2706" status="PASS">
          <params>
            <param index="0">
              <value>
                <![CDATA[chrome]]>
              </value>
            </param>
          </params>
          <reporter-output>
          </reporter-output>
        </test-method> <!-- preLaunch -->
        <test-method signature="validateAddCustomersPageInPeopleLinkHasElementsDisplayed_WhenAddCustomerButtonIsClicked()[pri:15, instance:com.test.CustomerPageTest@25be7b63]" started-at="2023-05-25T19:43:48 IST" name="validateAddCustomersPageInPeopleLinkHasElementsDisplayed_WhenAddCustomerButtonIsClicked" finished-at="2023-05-25T19:43:53 IST" duration-ms="4258" status="PASS">
          <reporter-output>
          </reporter-output>
        </test-method> <!-- validateAddCustomersPageInPeopleLinkHasElementsDisplayed_WhenAddCustomerButtonIsClicked -->
        <test-method is-config="true" signature="preLaunch(java.lang.String)[pri:0, instance:com.test.CustomerPageTest@25be7b63]" started-at="2023-05-25T19:43:53 IST" name="preLaunch" finished-at="2023-05-25T19:43:55 IST" duration-ms="2393" status="PASS">
          <params>
            <param index="0">
              <value>
                <![CDATA[chrome]]>
              </value>
            </param>
          </params>
          <reporter-output>
          </reporter-output>
        </test-method> <!-- preLaunch -->
        <test-method signature="validateTheEnteredValues_AfterClickingAddCustomerButtonInCustomersPageInPeopleLink(java.lang.String,java.lang.String,java.lang.String,java.lang.String)[pri:16, instance:com.test.CustomerPageTest@25be7b63]" started-at="2023-05-25T19:43:55 IST" name="validateTheEnteredValues_AfterClickingAddCustomerButtonInCustomersPageInPeopleLink" data-provider="customer" finished-at="2023-05-25T19:44:02 IST" duration-ms="6281" status="PASS">
          <params>
            <param index="0">
              <value>
                <![CDATA[AAC]]>
              </value>
            </param>
            <param index="1">
              <value>
                <![CDATA[1234567567]]>
              </value>
            </param>
            <param index="2">
              <value>
                <![CDATA[aac@gmail.com]]>
              </value>
            </param>
            <param index="3">
              <value>
                <![CDATA[10]]>
              </value>
            </param>
          </params>
          <reporter-output>
          </reporter-output>
        </test-method> <!-- validateTheEnteredValues_AfterClickingAddCustomerButtonInCustomersPageInPeopleLink -->
        <test-method is-config="true" signature="preLaunch(java.lang.String)[pri:0, instance:com.test.CustomerPageTest@25be7b63]" started-at="2023-05-25T19:44:02 IST" name="preLaunch" finished-at="2023-05-25T19:44:05 IST" duration-ms="3673" status="PASS">
          <params>
            <param index="0">
              <value>
                <![CDATA[chrome]]>
              </value>
            </param>
          </params>
          <reporter-output>
          </reporter-output>
        </test-method> <!-- preLaunch -->
        <test-method signature="validateTheEnteredValues_AfterClickingAddCustomerButtonInCustomersPageInPeopleLink(java.lang.String,java.lang.String,java.lang.String,java.lang.String)[pri:16, instance:com.test.CustomerPageTest@25be7b63]" started-at="2023-05-25T19:44:05 IST" name="validateTheEnteredValues_AfterClickingAddCustomerButtonInCustomersPageInPeopleLink" data-provider="customer" finished-at="2023-05-25T19:44:15 IST" duration-ms="9210" status="PASS">
          <params>
            <param index="0">
              <value>
                <![CDATA[AAC]]>
              </value>
            </param>
            <param index="1">
              <value>
                <![CDATA[1234567567]]>
              </value>
            </param>
            <param index="2">
              <value>
                <![CDATA[aac@gmail.com]]>
              </value>
            </param>
            <param index="3">
              <value>
                <![CDATA[10]]>
              </value>
            </param>
          </params>
          <reporter-output>
          </reporter-output>
        </test-method> <!-- validateTheEnteredValues_AfterClickingAddCustomerButtonInCustomersPageInPeopleLink -->
        <test-method is-config="true" signature="preLaunch(java.lang.String)[pri:0, instance:com.test.CustomerPageTest@25be7b63]" started-at="2023-05-25T19:44:15 IST" name="preLaunch" finished-at="2023-05-25T19:44:19 IST" duration-ms="4482" status="PASS">
          <params>
            <param index="0">
              <value>
                <![CDATA[chrome]]>
              </value>
            </param>
          </params>
          <reporter-output>
          </reporter-output>
        </test-method> <!-- preLaunch -->
        <test-method signature="validateTheEditedCustomerValues_AfterClickingAddEditButtonInCustomersPageInPeopleLink(java.lang.String,java.lang.String,java.lang.String,java.lang.String)[pri:17, instance:com.test.CustomerPageTest@25be7b63]" started-at="2023-05-25T19:44:19 IST" name="validateTheEditedCustomerValues_AfterClickingAddEditButtonInCustomersPageInPeopleLink" data-provider="customeredit" finished-at="2023-05-25T19:44:28 IST" duration-ms="8709" status="PASS">
          <params>
            <param index="0">
              <value>
                <![CDATA[AAC]]>
              </value>
            </param>
            <param index="1">
              <value>
                <![CDATA[7888888888]]>
              </value>
            </param>
            <param index="2">
              <value>
                <![CDATA[aac@gmail.com]]>
              </value>
            </param>
            <param index="3">
              <value>
                <![CDATA[10]]>
              </value>
            </param>
          </params>
          <reporter-output>
          </reporter-output>
        </test-method> <!-- validateTheEditedCustomerValues_AfterClickingAddEditButtonInCustomersPageInPeopleLink -->
        <test-method is-config="true" signature="preLaunch(java.lang.String)[pri:0, instance:com.test.CustomerPageTest@25be7b63]" started-at="2023-05-25T19:44:28 IST" name="preLaunch" finished-at="2023-05-25T19:44:32 IST" duration-ms="3911" status="PASS">
          <params>
            <param index="0">
              <value>
                <![CDATA[chrome]]>
              </value>
            </param>
          </params>
          <reporter-output>
          </reporter-output>
        </test-method> <!-- preLaunch -->
        <test-method signature="validateTheEditedCustomerValues_AfterClickingAddEditButtonInCustomersPageInPeopleLink(java.lang.String,java.lang.String,java.lang.String,java.lang.String)[pri:17, instance:com.test.CustomerPageTest@25be7b63]" started-at="2023-05-25T19:44:32 IST" name="validateTheEditedCustomerValues_AfterClickingAddEditButtonInCustomersPageInPeopleLink" data-provider="customeredit" finished-at="2023-05-25T19:44:40 IST" duration-ms="7766" status="PASS">
          <params>
            <param index="0">
              <value>
                <![CDATA[AAC]]>
              </value>
            </param>
            <param index="1">
              <value>
                <![CDATA[7888888888]]>
              </value>
            </param>
            <param index="2">
              <value>
                <![CDATA[aac@gmail.com]]>
              </value>
            </param>
            <param index="3">
              <value>
                <![CDATA[10]]>
              </value>
            </param>
          </params>
          <reporter-output>
          </reporter-output>
        </test-method> <!-- validateTheEditedCustomerValues_AfterClickingAddEditButtonInCustomersPageInPeopleLink -->
        <test-method is-config="true" signature="preLaunch(java.lang.String)[pri:0, instance:com.test.CustomerPageTest@25be7b63]" started-at="2023-05-25T19:44:40 IST" name="preLaunch" finished-at="2023-05-25T19:44:44 IST" duration-ms="3958" status="PASS">
          <params>
            <param index="0">
              <value>
                <![CDATA[chrome]]>
              </value>
            </param>
          </params>
          <reporter-output>
          </reporter-output>
        </test-method> <!-- preLaunch -->
        <test-method signature="validateTheDeleteIcon_AfterClickingDeleteButtonInCustomersPageInPeopleLink(java.lang.String)[pri:18, instance:com.test.CustomerPageTest@25be7b63]" started-at="2023-05-25T19:44:44 IST" name="validateTheDeleteIcon_AfterClickingDeleteButtonInCustomersPageInPeopleLink" data-provider="customerdelete" finished-at="2023-05-25T19:44:50 IST" duration-ms="5868" status="PASS">
          <params>
            <param index="0">
              <value>
                <![CDATA[7888888888]]>
              </value>
            </param>
          </params>
          <reporter-output>
          </reporter-output>
        </test-method> <!-- validateTheDeleteIcon_AfterClickingDeleteButtonInCustomersPageInPeopleLink -->
      </class> <!-- com.test.CustomerPageTest -->
      <class name="com.test.SupplierPageTest">
        <test-method is-config="true" signature="preLaunch(java.lang.String)[pri:0, instance:com.test.SupplierPageTest@28dcca0c]" started-at="2023-05-25T19:44:50 IST" name="preLaunch" finished-at="2023-05-25T19:44:52 IST" duration-ms="2548" status="PASS">
          <params>
            <param index="0">
              <value>
                <![CDATA[chrome]]>
              </value>
            </param>
          </params>
          <reporter-output>
          </reporter-output>
        </test-method> <!-- preLaunch -->
        <test-method signature="validateAddSupplierPageInPeopleLinkHasElementsDisplayed_WhenAddSupplierButtonIsClicked()[pri:19, instance:com.test.SupplierPageTest@28dcca0c]" started-at="2023-05-25T19:44:52 IST" name="validateAddSupplierPageInPeopleLinkHasElementsDisplayed_WhenAddSupplierButtonIsClicked" finished-at="2023-05-25T19:44:56 IST" duration-ms="4193" status="PASS">
          <reporter-output>
          </reporter-output>
        </test-method> <!-- validateAddSupplierPageInPeopleLinkHasElementsDisplayed_WhenAddSupplierButtonIsClicked -->
        <test-method is-config="true" signature="preLaunch(java.lang.String)[pri:0, instance:com.test.SupplierPageTest@28dcca0c]" started-at="2023-05-25T19:44:57 IST" name="preLaunch" finished-at="2023-05-25T19:45:00 IST" duration-ms="3221" status="PASS">
          <params>
            <param index="0">
              <value>
                <![CDATA[chrome]]>
              </value>
            </param>
          </params>
          <reporter-output>
          </reporter-output>
        </test-method> <!-- preLaunch -->
        <test-method signature="validateTheEnteredSupplierValues_AfterClickingAddSupplierButtonInSupplierPageInPeopleLink(java.lang.String,java.lang.String,java.lang.String,java.lang.String)[pri:20, instance:com.test.SupplierPageTest@28dcca0c]" started-at="2023-05-25T19:45:00 IST" name="validateTheEnteredSupplierValues_AfterClickingAddSupplierButtonInSupplierPageInPeopleLink" data-provider="supplier" finished-at="2023-05-25T19:45:06 IST" duration-ms="6226" status="PASS">
          <params>
            <param index="0">
              <value>
                <![CDATA[AANNA]]>
              </value>
            </param>
            <param index="1">
              <value>
                <![CDATA[1478529631]]>
              </value>
            </param>
            <param index="2">
              <value>
                <![CDATA[anna@gmail.com]]>
              </value>
            </param>
            <param index="3">
              <value>
                <![CDATA[FIRST SUPPLIER]]>
              </value>
            </param>
          </params>
          <reporter-output>
          </reporter-output>
        </test-method> <!-- validateTheEnteredSupplierValues_AfterClickingAddSupplierButtonInSupplierPageInPeopleLink -->
        <test-method is-config="true" signature="preLaunch(java.lang.String)[pri:0, instance:com.test.SupplierPageTest@28dcca0c]" started-at="2023-05-25T19:45:06 IST" name="preLaunch" finished-at="2023-05-25T19:45:08 IST" duration-ms="2126" status="PASS">
          <params>
            <param index="0">
              <value>
                <![CDATA[chrome]]>
              </value>
            </param>
          </params>
          <reporter-output>
          </reporter-output>
        </test-method> <!-- preLaunch -->
        <test-method signature="validateTheEnteredSupplierValues_AfterClickingAddSupplierButtonInSupplierPageInPeopleLink(java.lang.String,java.lang.String,java.lang.String,java.lang.String)[pri:20, instance:com.test.SupplierPageTest@28dcca0c]" started-at="2023-05-25T19:45:08 IST" name="validateTheEnteredSupplierValues_AfterClickingAddSupplierButtonInSupplierPageInPeopleLink" data-provider="supplier" finished-at="2023-05-25T19:45:15 IST" duration-ms="6310" status="PASS">
          <params>
            <param index="0">
              <value>
                <![CDATA[AANNA]]>
              </value>
            </param>
            <param index="1">
              <value>
                <![CDATA[1478529631]]>
              </value>
            </param>
            <param index="2">
              <value>
                <![CDATA[anna@gmail.com]]>
              </value>
            </param>
            <param index="3">
              <value>
                <![CDATA[FIRST SUPPLIER]]>
              </value>
            </param>
          </params>
          <reporter-output>
          </reporter-output>
        </test-method> <!-- validateTheEnteredSupplierValues_AfterClickingAddSupplierButtonInSupplierPageInPeopleLink -->
        <test-method is-config="true" signature="preLaunch(java.lang.String)[pri:0, instance:com.test.SupplierPageTest@28dcca0c]" started-at="2023-05-25T19:45:15 IST" name="preLaunch" finished-at="2023-05-25T19:45:18 IST" duration-ms="3221" status="PASS">
          <params>
            <param index="0">
              <value>
                <![CDATA[chrome]]>
              </value>
            </param>
          </params>
          <reporter-output>
          </reporter-output>
        </test-method> <!-- preLaunch -->
        <test-method signature="validateTheEditedSupplierValues_AfterClickingEditButtonInSupplierPageInPeopleLink(java.lang.String,java.lang.String,java.lang.String,java.lang.String)[pri:21, instance:com.test.SupplierPageTest@28dcca0c]" started-at="2023-05-25T19:45:18 IST" name="validateTheEditedSupplierValues_AfterClickingEditButtonInSupplierPageInPeopleLink" data-provider="supplieredit" finished-at="2023-05-25T19:45:25 IST" duration-ms="6778" status="PASS">
          <params>
            <param index="0">
              <value>
                <![CDATA[AANNA]]>
              </value>
            </param>
            <param index="1">
              <value>
                <![CDATA[8597461238]]>
              </value>
            </param>
            <param index="2">
              <value>
                <![CDATA[anna@gmail.com]]>
              </value>
            </param>
            <param index="3">
              <value>
                <![CDATA[FIRST SUPPLIER]]>
              </value>
            </param>
          </params>
          <reporter-output>
          </reporter-output>
        </test-method> <!-- validateTheEditedSupplierValues_AfterClickingEditButtonInSupplierPageInPeopleLink -->
        <test-method is-config="true" signature="preLaunch(java.lang.String)[pri:0, instance:com.test.SupplierPageTest@28dcca0c]" started-at="2023-05-25T19:45:25 IST" name="preLaunch" finished-at="2023-05-25T19:45:27 IST" duration-ms="2371" status="PASS">
          <params>
            <param index="0">
              <value>
                <![CDATA[chrome]]>
              </value>
            </param>
          </params>
          <reporter-output>
          </reporter-output>
        </test-method> <!-- preLaunch -->
        <test-method retried="true" signature="validateTheEditedSupplierValues_AfterClickingEditButtonInSupplierPageInPeopleLink(java.lang.String,java.lang.String,java.lang.String,java.lang.String)[pri:21, instance:com.test.SupplierPageTest@28dcca0c]" started-at="2023-05-25T19:45:27 IST" name="validateTheEditedSupplierValues_AfterClickingEditButtonInSupplierPageInPeopleLink" data-provider="supplieredit" finished-at="2023-05-25T19:45:49 IST" duration-ms="21713" status="SKIP">
          <params>
            <param index="0">
              <value>
                <![CDATA[AANNA]]>
              </value>
            </param>
            <param index="1">
              <value>
                <![CDATA[8597461238]]>
              </value>
            </param>
            <param index="2">
              <value>
                <![CDATA[anna@gmail.com]]>
              </value>
            </param>
            <param index="3">
              <value>
                <![CDATA[FIRST SUPPLIER]]>
              </value>
            </param>
          </params>
          <exception class="java.lang.AssertionError">
            <message>
              <![CDATA[The following asserts failed:
No matching records found expected [8597461238] but found [null],
No matching records found expected [anna@gmail.com] but found [null]]]>
            </message>
            <full-stacktrace>
              <![CDATA[java.lang.AssertionError: The following asserts failed:
No matching records found expected [8597461238] but found [null],
No matching records found expected [anna@gmail.com] but found [null]
at org.testng.asserts.SoftAssert.assertAll(SoftAssert.java:46)
at org.testng.asserts.SoftAssert.assertAll(SoftAssert.java:30)
at com.test.SupplierPageTest.validateTheEditedSupplierValues_AfterClickingEditButtonInSupplierPageInPeopleLink(SupplierPageTest.java:83)
at java.base/jdk.internal.reflect.NativeMethodAccessorImpl.invoke0(Native Method)
at java.base/jdk.internal.reflect.NativeMethodAccessorImpl.invoke(NativeMethodAccessorImpl.java:62)
at java.base/jdk.internal.reflect.DelegatingMethodAccessorImpl.invoke(DelegatingMethodAccessorImpl.java:43)
at java.base/java.lang.reflect.Method.invoke(Method.java:566)
at org.testng.internal.invokers.MethodInvocationHelper.invokeMethod(MethodInvocationHelper.java:139)
at org.testng.internal.invokers.TestInvoker.invokeMethod(TestInvoker.java:677)
at org.testng.internal.invokers.TestInvoker.invokeTestMethod(TestInvoker.java:221)
at org.testng.internal.invokers.MethodRunner.runInSequence(MethodRunner.java:50)
at org.testng.internal.invokers.TestInvoker$MethodInvocationAgent.invoke(TestInvoker.java:969)
at org.testng.internal.invokers.TestInvoker.invokeTestMethods(TestInvoker.java:194)
at org.testng.internal.invokers.TestMethodWorker.invokeTestMethods(TestMethodWorker.java:148)
at org.testng.internal.invokers.TestMethodWorker.run(TestMethodWorker.java:128)
at java.base/java.util.ArrayList.forEach(ArrayList.java:1541)
at org.testng.TestRunner.privateRun(TestRunner.java:829)
at org.testng.TestRunner.run(TestRunner.java:602)
at org.testng.SuiteRunner.runTest(SuiteRunner.java:437)
at org.testng.SuiteRunner.runSequentially(SuiteRunner.java:431)
at org.testng.SuiteRunner.privateRun(SuiteRunner.java:391)
at org.testng.SuiteRunner.run(SuiteRunner.java:330)
at org.testng.SuiteRunnerWorker.runSuite(SuiteRunnerWorker.java:52)
at org.testng.SuiteRunnerWorker.run(SuiteRunnerWorker.java:95)
at org.testng.TestNG.runSuitesSequentially(TestNG.java:1256)
at org.testng.TestNG.runSuitesLocally(TestNG.java:1176)
at org.testng.TestNG.runSuites(TestNG.java:1099)
at org.testng.TestNG.run(TestNG.java:1067)
at org.testng.remote.AbstractRemoteTestNG.run(AbstractRemoteTestNG.java:115)
at org.testng.remote.RemoteTestNG.initAndRun(RemoteTestNG.java:251)
at org.testng.remote.RemoteTestNG.main(RemoteTestNG.java:77)
]]>
            </full-stacktrace>
          </exception> <!-- java.lang.AssertionError -->
          <reporter-output>
          </reporter-output>
        </test-method> <!-- validateTheEditedSupplierValues_AfterClickingEditButtonInSupplierPageInPeopleLink -->
        <test-method is-config="true" signature="preLaunch(java.lang.String)[pri:0, instance:com.test.SupplierPageTest@28dcca0c]" started-at="2023-05-25T19:45:49 IST" name="preLaunch" finished-at="2023-05-25T19:45:52 IST" duration-ms="2316" status="PASS">
          <params>
            <param index="0">
              <value>
                <![CDATA[chrome]]>
              </value>
            </param>
          </params>
          <reporter-output>
          </reporter-output>
        </test-method> <!-- preLaunch -->
        <test-method signature="validateTheEditedSupplierValues_AfterClickingEditButtonInSupplierPageInPeopleLink(java.lang.String,java.lang.String,java.lang.String,java.lang.String)[pri:21, instance:com.test.SupplierPageTest@28dcca0c]" started-at="2023-05-25T19:45:52 IST" name="validateTheEditedSupplierValues_AfterClickingEditButtonInSupplierPageInPeopleLink" data-provider="supplieredit" finished-at="2023-05-25T19:45:58 IST" duration-ms="6580" status="PASS">
          <params>
            <param index="0">
              <value>
                <![CDATA[AANNA]]>
              </value>
            </param>
            <param index="1">
              <value>
                <![CDATA[8597461238]]>
              </value>
            </param>
            <param index="2">
              <value>
                <![CDATA[anna@gmail.com]]>
              </value>
            </param>
            <param index="3">
              <value>
                <![CDATA[FIRST SUPPLIER]]>
              </value>
            </param>
          </params>
          <reporter-output>
          </reporter-output>
        </test-method> <!-- validateTheEditedSupplierValues_AfterClickingEditButtonInSupplierPageInPeopleLink -->
        <test-method is-config="true" signature="preLaunch(java.lang.String)[pri:0, instance:com.test.SupplierPageTest@28dcca0c]" started-at="2023-05-25T19:45:58 IST" name="preLaunch" finished-at="2023-05-25T19:46:01 IST" duration-ms="3160" status="PASS">
          <params>
            <param index="0">
              <value>
                <![CDATA[chrome]]>
              </value>
            </param>
          </params>
          <reporter-output>
          </reporter-output>
        </test-method> <!-- preLaunch -->
        <test-method signature="validateTheDeleteIcon_AfterClickingDeleteButtonInSupplierPageInPeopleLink(java.lang.String)[pri:22, instance:com.test.SupplierPageTest@28dcca0c]" started-at="2023-05-25T19:46:01 IST" name="validateTheDeleteIcon_AfterClickingDeleteButtonInSupplierPageInPeopleLink" data-provider="supplierdelete" finished-at="2023-05-25T19:46:07 IST" duration-ms="5506" status="PASS">
          <params>
            <param index="0">
              <value>
                <![CDATA[8597461238]]>
              </value>
            </param>
          </params>
          <reporter-output>
          </reporter-output>
        </test-method> <!-- validateTheDeleteIcon_AfterClickingDeleteButtonInSupplierPageInPeopleLink -->
      </class> <!-- com.test.SupplierPageTest -->
      <class name="com.test.LoginPageTest">
        <test-method is-config="true" signature="preLaunch(java.lang.String)[pri:0, instance:com.test.LoginPageTest@5f049ea1]" started-at="2023-05-25T19:40:49 IST" name="preLaunch" finished-at="2023-05-25T19:40:54 IST" duration-ms="5818" status="PASS">
          <params>
            <param index="0">
              <value>
                <![CDATA[chrome]]>
              </value>
            </param>
          </params>
          <reporter-output>
          </reporter-output>
        </test-method> <!-- preLaunch -->
        <test-method signature="validateLoginPage_ByEnteringUsernameAndPassword()[pri:1, instance:com.test.LoginPageTest@5f049ea1]" started-at="2023-05-25T19:40:54 IST" name="validateLoginPage_ByEnteringUsernameAndPassword" finished-at="2023-05-25T19:40:56 IST" duration-ms="1647" status="PASS">
          <reporter-output>
          </reporter-output>
        </test-method> <!-- validateLoginPage_ByEnteringUsernameAndPassword -->
        <test-method is-config="true" signature="grouping(java.lang.String)[pri:0, instance:com.test.LoginPageTest@5f049ea1]" started-at="2023-05-25T19:43:42 IST" name="grouping" finished-at="2023-05-25T19:43:46 IST" duration-ms="3197" status="PASS">
          <params>
            <param index="0">
              <value>
                <![CDATA[chrome]]>
              </value>
            </param>
          </params>
          <reporter-output>
          </reporter-output>
        </test-method> <!-- grouping -->
      </class> <!-- com.test.LoginPageTest -->
    </test> <!-- Test -->
  </suite> <!-- Suite -->
</testng-results>
