<?xml version="1.0" encoding="UTF-8"?>
<!-- Generated by org.testng.reporters.JUnitXMLReporter -->
<testsuite ignored="0" hostname="LAPTOP-RT36H2LD" failures="0" tests="6" name="Default test" time="2.313" errors="0" timestamp="2023-05-24T10:15:51 IST">
  <testcase classname="com.base.AutomationBase" name="@BeforeMethod preLaunch" time="-1.68490354895E9">
    <failure type="org.testng.TestNGException" message="
Parameter &amp;apos;browserName&amp;apos; is required by BeforeMethod on method preLaunch but has not been marked @Optional or defined
in C:\Users\HP\AppData\Local\Temp\testng-eclipse--1213131032\testng-customsuite.xml">
      <![CDATA[org.testng.TestNGException: 
Parameter 'browserName' is required by BeforeMethod on method preLaunch but has not been marked @Optional or defined
in C:\Users\HP\AppData\Local\Temp\testng-eclipse--1213131032\testng-customsuite.xml
at org.testng.internal.Parameters.createParams(Parameters.java:267)
at org.testng.internal.Parameters.createParametersForMethod(Parameters.java:355)
at org.testng.internal.Parameters.createParameters(Parameters.java:684)
at org.testng.internal.Parameters.createConfigurationParameters(Parameters.java:166)
at org.testng.internal.invokers.ConfigInvoker.invokeConfigurations(ConfigInvoker.java:277)
at org.testng.internal.invokers.TestInvoker.runConfigMethods(TestInvoker.java:823)
at org.testng.internal.invokers.TestInvoker.invokeMethod(TestInvoker.java:590)
at org.testng.internal.invokers.TestInvoker.invokeTestMethod(TestInvoker.java:221)
at org.testng.internal.invokers.MethodRunner.runInSequence(MethodRunner.java:50)
at org.testng.internal.invokers.TestInvoker$MethodInvocationAgent.invoke(TestInvoker.java:969)
at org.testng.internal.invokers.TestInvoker.invokeTestMethods(TestInvoker.java:194)
at org.testng.internal.invokers.TestMethodWorker.invokeTestMethods(TestMethodWorker.java:148)
at org.testng.internal.invokers.TestMethodWorker.run(TestMethodWorker.java:128)
at java.base/java.util.ArrayList.forEach(ArrayList.java:1541)
at org.testng.TestRunner.privateRun(TestRunner.java:829)
at org.testng.TestRunner.run(TestRunner.java:602)
at org.testng.SuiteRunner.runTest(SuiteRunner.java:437)
at org.testng.SuiteRunner.runSequentially(SuiteRunner.java:431)
at org.testng.SuiteRunner.privateRun(SuiteRunner.java:391)
at org.testng.SuiteRunner.run(SuiteRunner.java:330)
at org.testng.SuiteRunnerWorker.runSuite(SuiteRunnerWorker.java:52)
at org.testng.SuiteRunnerWorker.run(SuiteRunnerWorker.java:95)
at org.testng.TestNG.runSuitesSequentially(TestNG.java:1256)
at org.testng.TestNG.runSuitesLocally(TestNG.java:1176)
at org.testng.TestNG.runSuites(TestNG.java:1099)
at org.testng.TestNG.run(TestNG.java:1067)
at org.testng.remote.AbstractRemoteTestNG.run(AbstractRemoteTestNG.java:115)
at org.testng.remote.RemoteTestNG.initAndRun(RemoteTestNG.java:251)
at org.testng.remote.RemoteTestNG.main(RemoteTestNG.java:77)
]]>
    </failure>
  </testcase> <!-- @BeforeMethod preLaunch -->
  <testcase classname="com.base.AutomationBase" name="@BeforeMethod preLaunch" time="0.0">
    <skipped/>
  </testcase> <!-- @BeforeMethod preLaunch -->
  <testcase classname="com.base.AutomationBase" name="@BeforeMethod preLaunch" time="0.0">
    <skipped/>
  </testcase> <!-- @BeforeMethod preLaunch -->
  <testcase classname="com.base.AutomationBase" name="@BeforeMethod preLaunch" time="0.0">
    <skipped/>
  </testcase> <!-- @BeforeMethod preLaunch -->
  <testcase classname="com.base.AutomationBase" name="@BeforeMethod preLaunch" time="0.0">
    <skipped/>
  </testcase> <!-- @BeforeMethod preLaunch -->
  <testcase classname="com.base.AutomationBase" name="@BeforeMethod preLaunch" time="0.0">
    <skipped/>
  </testcase> <!-- @BeforeMethod preLaunch -->
  <testcase classname="com.test.SupplierPageTest" name="validateAddSupplierPageInPeopleLinkHasElementsDisplayed_WhenAddSupplierButtonIsClicked" time="0.0">
    <skipped/>
  </testcase> <!-- validateAddSupplierPageInPeopleLinkHasElementsDisplayed_WhenAddSupplierButtonIsClicked -->
  <testcase classname="com.test.SupplierPageTest" name="validateTheEnteredSupplierValues_AfterClickingAddSupplierButtonInSupplierPageInPeopleLink" time="0.001">
    <skipped/>
  </testcase> <!-- validateTheEnteredSupplierValues_AfterClickingAddSupplierButtonInSupplierPageInPeopleLink -->
  <testcase classname="com.test.SupplierPageTest" name="validateTheEnteredSupplierValues_AfterClickingAddSupplierButtonInSupplierPageInPeopleLink" time="0.0">
    <skipped/>
  </testcase> <!-- validateTheEnteredSupplierValues_AfterClickingAddSupplierButtonInSupplierPageInPeopleLink -->
  <testcase classname="com.test.SupplierPageTest" name="validateTheEditedSupplierValues_AfterClickingEditButtonInSupplierPageInPeopleLink" time="0.003">
    <skipped/>
  </testcase> <!-- validateTheEditedSupplierValues_AfterClickingEditButtonInSupplierPageInPeopleLink -->
  <testcase classname="com.test.SupplierPageTest" name="validateTheEditedSupplierValues_AfterClickingEditButtonInSupplierPageInPeopleLink" time="0.0">
    <skipped/>
  </testcase> <!-- validateTheEditedSupplierValues_AfterClickingEditButtonInSupplierPageInPeopleLink -->
  <testcase classname="com.test.SupplierPageTest" name="validateTheDeleteIcon_AfterClickingDeleteButtonInSupplierPageInPeopleLink" time="0.0">
    <skipped/>
  </testcase> <!-- validateTheDeleteIcon_AfterClickingDeleteButtonInSupplierPageInPeopleLink -->
</testsuite> <!-- Default test -->
