<?xml version="1.0" encoding="UTF-8"?>
<!-- Generated by org.testng.reporters.JUnitXMLReporter -->
<testsuite ignored="0" hostname="LAPTOP-RT36H2LD" failures="1" tests="1" name="FirefoxTest" time="10.651" errors="0" timestamp="2023-04-18T16:56:14 IST">
  <testcase classname="com.test.LoginPageTest" name="validateLoginPage" time="0.142">
    <failure type="java.lang.AssertionError" message="Failure Message:Login failed expected [true] but found [false]">
      <![CDATA[java.lang.AssertionError: Failure Message:Login failed expected [true] but found [false]
at com.test.LoginPageTest.validateLoginPage(LoginPageTest.java:32)
at java.base/java.util.ArrayList.forEach(ArrayList.java:1511)
at java.base/java.util.concurrent.FutureTask.run(FutureTask.java:264)
at java.base/java.util.concurrent.ThreadPoolExecutor.runWorker(ThreadPoolExecutor.java:1136)
at java.base/java.util.concurrent.ThreadPoolExecutor$Worker.run(ThreadPoolExecutor.java:635)
at java.base/java.lang.Thread.run(Thread.java:833)
... Removed 20 stack frames]]>
    </failure>
  </testcase> <!-- validateLoginPage -->
</testsuite> <!-- FirefoxTest -->
