<?xml version="1.0" encoding="UTF-8"?>
<!-- Generated by org.testng.reporters.JUnitXMLReporter -->
<testsuite ignored="0" hostname="LAPTOP-RT36H2LD" failures="0" tests="3" name="Test" time="23.148" errors="0" timestamp="2023-05-07T12:38:34 IST">
  <testcase classname="com.test.ExpensePageTest" name="validateAddExpensePageHasElementsDisplayed" time="0.972"/>
  <testcase classname="com.test.ExpensePageTest" name="validateEnteredExpenseValues" time="4.024"/>
  <testcase classname="com.test.ExpensePageTest" name="validateTheEditedStoreValues" time="3.468"/>
</testsuite> <!-- Test -->
