<?xml version="1.0" encoding="UTF-8"?>
<!-- Generated by org.testng.reporters.JUnitXMLReporter -->
<testsuite ignored="0" hostname="LAPTOP-RT36H2LD" failures="0" tests="4" name="Test2" time="77.446" errors="0" timestamp="2023-05-24T11:20:19 IST">
  <testcase classname="com.test.ExpenseInCategoriesTestPage" name="validateAddExpensePageInCategoriesLinkHasElementsDisplayed_WhenAddCustomerButtonIsClicked" time="9.847"/>
  <testcase classname="com.test.ExpenseInCategoriesTestPage" name="validateTheEnteredCategoryValues_AfterClickingAddCustomerButtonInExpensePageInCategoryLink" time="18.016"/>
  <testcase classname="com.test.ExpenseInCategoriesTestPage" name="validateTheEditedCategoryValues_AfterClickingEditButtonInExpensePageInCategoryLink" time="14.88"/>
  <testcase classname="com.test.ExpenseInCategoriesTestPage" name="validateTheDeleteIcon_AfterClickingDeleteButtonInExpensePageInCategoryLink" time="12.557"/>
</testsuite> <!-- Test2 -->
