<?xml version="1.0" encoding="UTF-8"?>
<!-- Generated by org.testng.reporters.JUnitXMLReporter -->
<testsuite ignored="0" hostname="LAPTOP-RT36H2LD" failures="0" tests="1" name="Test1" time="16.941" errors="0" timestamp="2023-04-12T20:07:42 IST">
  <testcase classname="com.test.LoginPageTest" name="@BeforeMethod prerun" time="13.164">
    <failure type="java.lang.NullPointerException" message="Cannot invoke &amp;quot;com.pages.LoginPage.implementImplicitWait()&amp;quot; because &amp;quot;this.loginpg&amp;quot; is null">
      <![CDATA[java.lang.NullPointerException: Cannot invoke "com.pages.LoginPage.implementImplicitWait()" because "this.loginpg" is null
at com.test.LoginPageTest.prerun(LoginPageTest.java:29)
at java.base/java.util.ArrayList.forEach(ArrayList.java:1511)
at java.base/java.util.concurrent.FutureTask.run(FutureTask.java:264)
at java.base/java.util.concurrent.ThreadPoolExecutor.runWorker(ThreadPoolExecutor.java:1136)
at java.base/java.util.concurrent.ThreadPoolExecutor$Worker.run(ThreadPoolExecutor.java:635)
at java.base/java.lang.Thread.run(Thread.java:833)
... Removed 21 stack frames]]>
    </failure>
  </testcase> <!-- @BeforeMethod prerun -->
  <testcase classname="com.test.LoginPageTest" name="validateLoginPage" time="0.0">
    <skipped/>
  </testcase> <!-- validateLoginPage -->
</testsuite> <!-- Test1 -->
