<?xml version="1.0" encoding="UTF-8"?>
<!-- Generated by org.testng.reporters.JUnitXMLReporter -->
<testsuite ignored="2" hostname="LAPTOP-RT36H2LD" failures="0" tests="3" name="Test" time="16.963" errors="0" timestamp="2023-05-24T12:39:29 IST">
  <testcase classname="com.test.CustomerPageTest" name="validateAddCustomersPageInPeopleLinkHasElementsDisplayed_WhenAddCustomerButtonIsClicked" time="3.848"/>
  <testcase classname="com.test.CustomerPageTest" name="validateTheEnteredValues_AfterClickingAddCustomerButtonInCustomersPageInPeopleLink" time="4.188"/>
  <testcase classname="com.test.CustomerPageTest" name="validateTheEnteredValues_AfterClickingAddCustomerButtonInCustomersPageInPeopleLink" time="3.435"/>
  <testcase classname="com.test.CustomerPageTest" name="validateTheDeleteIcon_AfterClickingDeleteButtonInCustomersPageInPeopleLink" time="0.0">
    <ignored/>
  </testcase> <!-- validateTheDeleteIcon_AfterClickingDeleteButtonInCustomersPageInPeopleLink -->
  <testcase classname="com.test.CustomerPageTest" name="validateTheEditedCustomerValues_AfterClickingAddEditButtonInCustomersPageInPeopleLink" time="0.0">
    <ignored/>
  </testcase> <!-- validateTheEditedCustomerValues_AfterClickingAddEditButtonInCustomersPageInPeopleLink -->
</testsuite> <!-- Test -->
