<?xml version="1.0" encoding="UTF-8"?>
<!-- Generated by org.testng.reporters.JUnitXMLReporter -->
<testsuite ignored="0" hostname="LAPTOP-RT36H2LD" failures="0" tests="6" name="Test1" time="101.362" errors="0" timestamp="2023-05-24T11:20:41 IST">
  <testcase classname="com.test.CustomerPageTest" name="validateAddCustomersPageInPeopleLinkHasElementsDisplayed_WhenAddCustomerButtonIsClicked" time="8.451"/>
  <testcase classname="com.test.CustomerPageTest" name="validateTheEnteredValues_AfterClickingAddCustomerButtonInCustomersPageInPeopleLink" time="15.66"/>
  <testcase classname="com.test.CustomerPageTest" name="validateTheEnteredValues_AfterClickingAddCustomerButtonInCustomersPageInPeopleLink" time="16.6"/>
  <testcase classname="com.test.CustomerPageTest" name="validateTheEditedCustomerValues_AfterClickingAddEditButtonInCustomersPageInPeopleLink" time="10.264"/>
  <testcase classname="com.test.CustomerPageTest" name="validateTheEditedCustomerValues_AfterClickingAddEditButtonInCustomersPageInPeopleLink" time="7.761"/>
  <testcase classname="com.test.CustomerPageTest" name="validateTheDeleteIcon_AfterClickingDeleteButtonInCustomersPageInPeopleLink" time="6.505"/>
</testsuite> <!-- Test1 -->
